(base) thomas@MacBook-Air-9 nn % /usr/local/bin/python3.11 /Users/thomas/nn/vision/code/toy/NNreg_toy.py
Dataset shapes — X: (1000, 2), y: (1000,)
iter      0  loss 1.193495e-02  update/param ratio 6.60e-04  learning rate 2.00e-01  (0.0s)
iter   1000  loss 6.506236e-03  update/param ratio 7.49e-05  learning rate 2.00e-01  (1.9s)
iter   2000  loss 4.269619e-03  update/param ratio 7.53e-05  learning rate 2.00e-01  (1.8s)
iter   3000  loss 2.470654e-03  update/param ratio 5.95e-05  learning rate 2.00e-01  (1.7s)
iter   4000  loss 1.483775e-03  update/param ratio 3.92e-05  learning rate 2.00e-01  (1.8s)
iter   5000  loss 1.048536e-03  update/param ratio 2.69e-05  learning rate 2.00e-01  (1.8s)
iter   6000  loss 8.191635e-04  update/param ratio 2.06e-05  learning rate 2.00e-01  (1.7s)
iter   7000  loss 6.951857e-04  update/param ratio 1.70e-05  learning rate 2.00e-01  (1.7s)
iter   8000  loss 6.128253e-04  update/param ratio 1.48e-05  learning rate 2.00e-01  (1.8s)
iter   9000  loss 5.504004e-04  update/param ratio 1.46e-05  learning rate 2.00e-01  (1.9s)
iter  10000  loss 4.844133e-04  update/param ratio 1.61e-05  learning rate 2.00e-01  (1.8s)
iter  11000  loss 4.305207e-04  update/param ratio 1.44e-05  learning rate 2.00e-01  (1.8s)
iter  12000  loss 3.850269e-04  update/param ratio 1.30e-05  learning rate 2.00e-01  (2.1s)
iter  13000  loss 3.488725e-04  update/param ratio 1.38e-05  learning rate 2.00e-01  (2.1s)
iter  14000  loss 3.180232e-04  update/param ratio 1.74e-05  learning rate 2.00e-01  (1.8s)
iter  15000  loss 2.923029e-04  update/param ratio 1.87e-05  learning rate 2.00e-01  (2.0s)
iter  16000  loss 2.633691e-04  update/param ratio 1.60e-05  learning rate 2.00e-01  (1.9s)
iter  17000  loss 2.343371e-04  update/param ratio 3.08e-05  learning rate 2.00e-01  (2.0s)
iter  18000  loss 2.107261e-04  update/param ratio 5.49e-05  learning rate 2.00e-01  (1.8s)
iter  19000  loss 2.100513e-04  update/param ratio 3.88e-04  learning rate 2.00e-01  (2.0s)
iter  20000  loss 2.753018e-04  update/param ratio 9.04e-04  learning rate 2.00e-01  (2.0s)
iter  21000  loss 2.473327e-04  update/param ratio 8.26e-04  learning rate 2.00e-01  (1.9s)
iter  22000  loss 2.368580e-04  update/param ratio 8.30e-04  learning rate 2.00e-01  (1.9s)
iter  23000  loss 2.032785e-04  update/param ratio 6.97e-04  learning rate 2.00e-01  (1.9s)
iter  24000  loss 2.276390e-04  update/param ratio 8.74e-04  learning rate 2.00e-01  (2.1s)
iter  25000  loss 2.035479e-04  update/param ratio 7.87e-04  learning rate 2.00e-01  (2.0s)
iter  26000  loss 1.909844e-04  update/param ratio 7.54e-04  learning rate 2.00e-01  (2.0s)
iter  27000  loss 2.065323e-04  update/param ratio 8.63e-04  learning rate 2.00e-01  (2.1s)
iter  28000  loss 1.788048e-04  update/param ratio 7.45e-04  learning rate 2.00e-01  (2.1s)
iter  29000  loss 1.818493e-04  update/param ratio 7.89e-04  learning rate 2.00e-01  (2.2s)
iter  30000  loss 1.703750e-04  update/param ratio 7.50e-04  learning rate 2.00e-01  (2.0s)
iter  31000  loss 1.685207e-04  update/param ratio 7.63e-04  learning rate 2.00e-01  (1.8s)
iter  32000  loss 1.577736e-04  update/param ratio 7.25e-04  learning rate 2.00e-01  (2.1s)
iter  33000  loss 1.518652e-04  update/param ratio 7.13e-04  learning rate 2.00e-01  (1.8s)
iter  34000  loss 1.490926e-04  update/param ratio 7.15e-04  learning rate 2.00e-01  (1.8s)
iter  35000  loss 1.475540e-04  update/param ratio 7.22e-04  learning rate 2.00e-01  (2.0s)
iter  36000  loss 1.416955e-04  update/param ratio 7.03e-04  learning rate 2.00e-01  (1.8s)
iter  37000  loss 1.327085e-04  update/param ratio 6.64e-04  learning rate 2.00e-01  (1.8s)
iter  38000  loss 1.308966e-04  update/param ratio 6.65e-04  learning rate 2.00e-01  (1.8s)
iter  39000  loss 1.340052e-04  update/param ratio 6.98e-04  learning rate 2.00e-01  (1.9s)
iter  40000  loss 1.232159e-04  update/param ratio 6.44e-04  learning rate 2.00e-01  (1.8s)
iter  41000  loss 1.307901e-04  update/param ratio 7.02e-04  learning rate 2.00e-01  (1.8s)
iter  42000  loss 1.347434e-04  update/param ratio 7.34e-04  learning rate 2.00e-01  (1.8s)
iter  43000  loss 1.737412e-04  update/param ratio 9.35e-04  learning rate 2.00e-01  (2.0s)
iter  44000  loss 9.116694e-05  update/param ratio 4.55e-04  learning rate 2.00e-01  (2.1s)
iter  45000  loss 1.675346e-04  update/param ratio 9.20e-04  learning rate 2.00e-01  (1.9s)
iter  46000  loss 8.540258e-05  update/param ratio 4.29e-04  learning rate 2.00e-01  (1.9s)
iter  47000  loss 1.219191e-04  update/param ratio 7.03e-04  learning rate 2.00e-01  (1.9s)
iter  48000  loss 1.116163e-04  update/param ratio 6.48e-04  learning rate 2.00e-01  (2.0s)
iter  49000  loss 1.019207e-04  update/param ratio 5.91e-04  learning rate 2.00e-01  (2.1s)
iter  50000  loss 1.033760e-04  update/param ratio 6.08e-04  learning rate 2.00e-01  (1.8s)
iter  51000  loss 9.877923e-05  update/param ratio 5.83e-04  learning rate 2.00e-01  (1.8s)
iter  52000  loss 9.913479e-05  update/param ratio 5.92e-04  learning rate 2.00e-01  (1.8s)
iter  53000  loss 1.006010e-04  update/param ratio 6.08e-04  learning rate 2.00e-01  (1.8s)
iter  54000  loss 9.583216e-05  update/param ratio 5.80e-04  learning rate 2.00e-01  (1.8s)
iter  55000  loss 9.927838e-05  update/param ratio 6.09e-04  learning rate 2.00e-01  (1.8s)
iter  56000  loss 9.621328e-05  update/param ratio 5.93e-04  learning rate 2.00e-01  (1.8s)
iter  57000  loss 9.587927e-05  update/param ratio 5.95e-04  learning rate 2.00e-01  (1.7s)
iter  58000  loss 9.481741e-05  update/param ratio 5.93e-04  learning rate 2.00e-01  (1.8s)
iter  59000  loss 9.307954e-05  update/param ratio 5.86e-04  learning rate 2.00e-01  (1.9s)

Final training data loss: 8.843763e-05